-- Found ament_cmake: 1.3.9 (/opt/ros/humble/share/ament_cmake/cmake)
-- Override CMake install command with custom implementation using symlinks instead of copying resources
-- Found rosidl_default_generators: 1.2.0 (/opt/ros/humble/share/rosidl_default_generators/cmake)
-- Using all available rosidl_typesupport_c: rosidl_typesupport_fastrtps_c;rosidl_typesupport_introspection_c
-- Found rosidl_adapter: 3.1.5 (/opt/ros/humble/share/rosidl_adapter/cmake)
-- Using all available rosidl_typesupport_cpp: rosidl_typesupport_fastrtps_cpp;rosidl_typesupport_introspection_cpp
-- Found ament_cmake_ros: 0.10.0 (/opt/ros/humble/share/ament_cmake_ros/cmake)
-- Using all available rosidl_typesupport_c: rosidl_typesupport_fastrtps_c;rosidl_typesupport_introspection_c
-- Using all available rosidl_typesupport_cpp: rosidl_typesupport_fastrtps_cpp;rosidl_typesupport_introspection_cpp
-- Found python_cmake_module: 0.10.0 (/opt/ros/humble/share/python_cmake_module/cmake)
-- Using PYTHON_EXECUTABLE: /usr/bin/python3
-- Using PYTHON_INCLUDE_DIRS: /usr/include/python3.10
-- Using PYTHON_LIBRARIES: /usr/lib/aarch64-linux-gnu/libpython3.10.so
-- Configuring done
-- Generating done
-- Build files have been written to: /home/jj/wearable-biosensors-ros2/build/cdcl_umd_msgs
[  3%] [34m[1mGenerating C code for ROS interfaces[0m
[  6%] [34m[1mGenerating C++ code for ROS interfaces[0m
[  6%] Built target ament_cmake_python_symlink_cdcl_umd_msgs
[  6%] Built target cdcl_umd_msgs__cpp
[  9%] [32mBuilding C object CMakeFiles/cdcl_umd_msgs__rosidl_generator_c.dir/rosidl_generator_c/cdcl_umd_msgs/msg/detail/vitals__functions.c.o[0m
[ 12%] [34m[1mGenerating C++ type support dispatch for ROS interfaces[0m
[ 16%] [34m[1mGenerating C++ type support for eProsima Fast-RTPS[0m
In file included from [01m[K/home/jj/wearable-biosensors-ros2/build/cdcl_umd_msgs/rosidl_generator_c/cdcl_umd_msgs/msg/detail/vitals__functions.h:19[m[K,
                 from [01m[K/home/jj/wearable-biosensors-ros2/build/cdcl_umd_msgs/rosidl_generator_c/cdcl_umd_msgs/msg/detail/vitals__functions.c:4[m[K:
[01m[K/home/jj/wearable-biosensors-ros2/build/cdcl_umd_msgs/rosidl_generator_c/cdcl_umd_msgs/msg/detail/vitals__struct.h:22:10:[m[K [01;31m[Kfatal error: [m[Kcdcl_umd_msgs/msg/detail/header__struct.h: No such file or directory
   22 | #include [01;31m[K"cdcl_umd_msgs/msg/detail/header__struct.h"[m[K
      |          [01;31m[K^~~~~~~~~~~~~~~~~~~~~~~~~~~~~~~~~~~~~~~~~~~[m[K
compilation terminated.
gmake[2]: *** [CMakeFiles/cdcl_umd_msgs__rosidl_generator_c.dir/build.make:105: CMakeFiles/cdcl_umd_msgs__rosidl_generator_c.dir/rosidl_generator_c/cdcl_umd_msgs/msg/detail/vitals__functions.c.o] Error 1
gmake[1]: *** [CMakeFiles/Makefile2:213: CMakeFiles/cdcl_umd_msgs__rosidl_generator_c.dir/all] Error 2
gmake[1]: *** Waiting for unfinished jobs....
running egg_info
writing cdcl_umd_msgs.egg-info/PKG-INFO
writing dependency_links to cdcl_umd_msgs.egg-info/dependency_links.txt
writing top-level names to cdcl_umd_msgs.egg-info/top_level.txt
reading manifest file 'cdcl_umd_msgs.egg-info/SOURCES.txt'
writing manifest file 'cdcl_umd_msgs.egg-info/SOURCES.txt'
[ 16%] Built target ament_cmake_python_build_cdcl_umd_msgs_egg
[ 19%] [32mBuilding CXX object CMakeFiles/cdcl_umd_msgs__rosidl_typesupport_cpp.dir/rosidl_typesupport_cpp/cdcl_umd_msgs/msg/vitals__type_support.cpp.o[0m
[ 22%] [32mBuilding CXX object CMakeFiles/cdcl_umd_msgs__rosidl_typesupport_fastrtps_cpp.dir/rosidl_typesupport_fastrtps_cpp/cdcl_umd_msgs/msg/detail/dds_fastrtps/vitals__type_support.cpp.o[0m
In file included from [01m[K/home/jj/wearable-biosensors-ros2/build/cdcl_umd_msgs/rosidl_typesupport_cpp/cdcl_umd_msgs/msg/vitals__type_support.cpp:7[m[K:
[01m[K/home/jj/wearable-biosensors-ros2/build/cdcl_umd_msgs/rosidl_generator_cpp/cdcl_umd_msgs/msg/detail/vitals__struct.hpp:20:10:[m[K [01;31m[Kfatal error: [m[Kcdcl_umd_msgs/msg/detail/header__struct.hpp: No such file or directory
   20 | #include [01;31m[K"cdcl_umd_msgs/msg/detail/header__struct.hpp"[m[K
      |          [01;31m[K^~~~~~~~~~~~~~~~~~~~~~~~~~~~~~~~~~~~~~~~~~~~~[m[K
compilation terminated.
gmake[2]: *** [CMakeFiles/cdcl_umd_msgs__rosidl_typesupport_cpp.dir/build.make:86: CMakeFiles/cdcl_umd_msgs__rosidl_typesupport_cpp.dir/rosidl_typesupport_cpp/cdcl_umd_msgs/msg/vitals__type_support.cpp.o] Error 1
gmake[1]: *** [CMakeFiles/Makefile2:395: CMakeFiles/cdcl_umd_msgs__rosidl_typesupport_cpp.dir/all] Error 2
In file included from [01m[K/home/jj/wearable-biosensors-ros2/build/cdcl_umd_msgs/rosidl_typesupport_fastrtps_cpp/cdcl_umd_msgs/msg/detail/vitals__rosidl_typesupport_fastrtps_cpp.hpp:11[m[K,
                 from [01m[K/home/jj/wearable-biosensors-ros2/build/cdcl_umd_msgs/rosidl_typesupport_fastrtps_cpp/cdcl_umd_msgs/msg/detail/dds_fastrtps/vitals__type_support.cpp:4[m[K:
[01m[K/home/jj/wearable-biosensors-ros2/build/cdcl_umd_msgs/rosidl_generator_cpp/cdcl_umd_msgs/msg/detail/vitals__struct.hpp:20:10:[m[K [01;31m[Kfatal error: [m[Kcdcl_umd_msgs/msg/detail/header__struct.hpp: No such file or directory
   20 | #include [01;31m[K"cdcl_umd_msgs/msg/detail/header__struct.hpp"[m[K
      |          [01;31m[K^~~~~~~~~~~~~~~~~~~~~~~~~~~~~~~~~~~~~~~~~~~~~[m[K
compilation terminated.
gmake[2]: *** [CMakeFiles/cdcl_umd_msgs__rosidl_typesupport_fastrtps_cpp.dir/build.make:91: CMakeFiles/cdcl_umd_msgs__rosidl_typesupport_fastrtps_cpp.dir/rosidl_typesupport_fastrtps_cpp/cdcl_umd_msgs/msg/detail/dds_fastrtps/vitals__type_support.cpp.o] Error 1
gmake[1]: *** [CMakeFiles/Makefile2:343: CMakeFiles/cdcl_umd_msgs__rosidl_typesupport_fastrtps_cpp.dir/all] Error 2
gmake: *** [Makefile:146: all] Error 2
