[0.065s] Invoking command in '/home/jj/wearable-biosensors-ros2/build/cdcl_umd_msgs': CMAKE_PREFIX_PATH=/opt/ros/humble /usr/bin/cmake /home/jj/wearable-biosensors-ros2/src/cdcl_umd_msgs -DCMAKE_INSTALL_PREFIX=/home/jj/wearable-biosensors-ros2/install/cdcl_umd_msgs
[0.118s] -- Found ament_cmake: 1.3.9 (/opt/ros/humble/share/ament_cmake/cmake)
[0.754s] -- Override CMake install command with custom implementation using symlinks instead of copying resources
[0.792s] -- Found rosidl_default_generators: 1.2.0 (/opt/ros/humble/share/rosidl_default_generators/cmake)
[0.799s] -- Using all available rosidl_typesupport_c: rosidl_typesupport_fastrtps_c;rosidl_typesupport_introspection_c
[0.813s] -- Found rosidl_adapter: 3.1.5 (/opt/ros/humble/share/rosidl_adapter/cmake)
[1.027s] -- Using all available rosidl_typesupport_cpp: rosidl_typesupport_fastrtps_cpp;rosidl_typesupport_introspection_cpp
[2.444s] -- Found ament_cmake_ros: 0.10.0 (/opt/ros/humble/share/ament_cmake_ros/cmake)
[3.420s] -- Using all available rosidl_typesupport_c: rosidl_typesupport_fastrtps_c;rosidl_typesupport_introspection_c
[4.687s] -- Using all available rosidl_typesupport_cpp: rosidl_typesupport_fastrtps_cpp;rosidl_typesupport_introspection_cpp
[4.814s] -- Found python_cmake_module: 0.10.0 (/opt/ros/humble/share/python_cmake_module/cmake)
[4.939s] -- Using PYTHON_EXECUTABLE: /usr/bin/python3
[4.940s] -- Using PYTHON_INCLUDE_DIRS: /usr/include/python3.10
[4.941s] -- Using PYTHON_LIBRARIES: /usr/lib/aarch64-linux-gnu/libpython3.10.so
[5.050s] -- Configuring done
[5.251s] -- Generating done
[5.278s] -- Build files have been written to: /home/jj/wearable-biosensors-ros2/build/cdcl_umd_msgs
[5.307s] Invoked command in '/home/jj/wearable-biosensors-ros2/build/cdcl_umd_msgs' returned '0': CMAKE_PREFIX_PATH=/opt/ros/humble /usr/bin/cmake /home/jj/wearable-biosensors-ros2/src/cdcl_umd_msgs -DCMAKE_INSTALL_PREFIX=/home/jj/wearable-biosensors-ros2/install/cdcl_umd_msgs
[5.319s] Invoking command in '/home/jj/wearable-biosensors-ros2/build/cdcl_umd_msgs': CMAKE_PREFIX_PATH=/opt/ros/humble /usr/bin/cmake --build /home/jj/wearable-biosensors-ros2/build/cdcl_umd_msgs -- -j4 -l4
[5.560s] [  3%] [34m[1mGenerating C code for ROS interfaces[0m
[5.613s] [  6%] [34m[1mGenerating C++ code for ROS interfaces[0m
[5.672s] [  6%] Built target ament_cmake_python_symlink_cdcl_umd_msgs
[7.159s] [  6%] Built target cdcl_umd_msgs__cpp
[7.165s] [  9%] [32mBuilding C object CMakeFiles/cdcl_umd_msgs__rosidl_generator_c.dir/rosidl_generator_c/cdcl_umd_msgs/msg/detail/vitals__functions.c.o[0m
[7.218s] [ 12%] [34m[1mGenerating C++ type support dispatch for ROS interfaces[0m
[7.253s] [ 16%] [34m[1mGenerating C++ type support for eProsima Fast-RTPS[0m
[7.275s] In file included from [01m[K/home/jj/wearable-biosensors-ros2/build/cdcl_umd_msgs/rosidl_generator_c/cdcl_umd_msgs/msg/detail/vitals__functions.h:19[m[K,
[7.280s]                  from [01m[K/home/jj/wearable-biosensors-ros2/build/cdcl_umd_msgs/rosidl_generator_c/cdcl_umd_msgs/msg/detail/vitals__functions.c:4[m[K:
[7.285s] [01m[K/home/jj/wearable-biosensors-ros2/build/cdcl_umd_msgs/rosidl_generator_c/cdcl_umd_msgs/msg/detail/vitals__struct.h:22:10:[m[K [01;31m[Kfatal error: [m[Kcdcl_umd_msgs/msg/detail/header__struct.h: No such file or directory
[7.289s]    22 | #include [01;31m[K"cdcl_umd_msgs/msg/detail/header__struct.h"[m[K
[7.292s]       |          [01;31m[K^~~~~~~~~~~~~~~~~~~~~~~~~~~~~~~~~~~~~~~~~~~[m[K
[7.305s] compilation terminated.
[7.313s] gmake[2]: *** [CMakeFiles/cdcl_umd_msgs__rosidl_generator_c.dir/build.make:105: CMakeFiles/cdcl_umd_msgs__rosidl_generator_c.dir/rosidl_generator_c/cdcl_umd_msgs/msg/detail/vitals__functions.c.o] Error 1
[7.318s] gmake[1]: *** [CMakeFiles/Makefile2:213: CMakeFiles/cdcl_umd_msgs__rosidl_generator_c.dir/all] Error 2
[7.322s] gmake[1]: *** Waiting for unfinished jobs....
[7.732s] running egg_info
[7.733s] writing cdcl_umd_msgs.egg-info/PKG-INFO
[7.734s] writing dependency_links to cdcl_umd_msgs.egg-info/dependency_links.txt
[7.734s] writing top-level names to cdcl_umd_msgs.egg-info/top_level.txt
[7.753s] reading manifest file 'cdcl_umd_msgs.egg-info/SOURCES.txt'
[7.762s] writing manifest file 'cdcl_umd_msgs.egg-info/SOURCES.txt'
[8.025s] [ 16%] Built target ament_cmake_python_build_cdcl_umd_msgs_egg
[8.650s] [ 19%] [32mBuilding CXX object CMakeFiles/cdcl_umd_msgs__rosidl_typesupport_cpp.dir/rosidl_typesupport_cpp/cdcl_umd_msgs/msg/vitals__type_support.cpp.o[0m
[9.018s] [ 22%] [32mBuilding CXX object CMakeFiles/cdcl_umd_msgs__rosidl_typesupport_fastrtps_cpp.dir/rosidl_typesupport_fastrtps_cpp/cdcl_umd_msgs/msg/detail/dds_fastrtps/vitals__type_support.cpp.o[0m
[9.116s] In file included from [01m[K/home/jj/wearable-biosensors-ros2/build/cdcl_umd_msgs/rosidl_typesupport_cpp/cdcl_umd_msgs/msg/vitals__type_support.cpp:7[m[K:
[9.117s] [01m[K/home/jj/wearable-biosensors-ros2/build/cdcl_umd_msgs/rosidl_generator_cpp/cdcl_umd_msgs/msg/detail/vitals__struct.hpp:20:10:[m[K [01;31m[Kfatal error: [m[Kcdcl_umd_msgs/msg/detail/header__struct.hpp: No such file or directory
[9.118s]    20 | #include [01;31m[K"cdcl_umd_msgs/msg/detail/header__struct.hpp"[m[K
[9.118s]       |          [01;31m[K^~~~~~~~~~~~~~~~~~~~~~~~~~~~~~~~~~~~~~~~~~~~~[m[K
[9.119s] compilation terminated.
[9.129s] gmake[2]: *** [CMakeFiles/cdcl_umd_msgs__rosidl_typesupport_cpp.dir/build.make:86: CMakeFiles/cdcl_umd_msgs__rosidl_typesupport_cpp.dir/rosidl_typesupport_cpp/cdcl_umd_msgs/msg/vitals__type_support.cpp.o] Error 1
[9.131s] gmake[1]: *** [CMakeFiles/Makefile2:395: CMakeFiles/cdcl_umd_msgs__rosidl_typesupport_cpp.dir/all] Error 2
[9.406s] In file included from [01m[K/home/jj/wearable-biosensors-ros2/build/cdcl_umd_msgs/rosidl_typesupport_fastrtps_cpp/cdcl_umd_msgs/msg/detail/vitals__rosidl_typesupport_fastrtps_cpp.hpp:11[m[K,
[9.406s]                  from [01m[K/home/jj/wearable-biosensors-ros2/build/cdcl_umd_msgs/rosidl_typesupport_fastrtps_cpp/cdcl_umd_msgs/msg/detail/dds_fastrtps/vitals__type_support.cpp:4[m[K:
[9.407s] [01m[K/home/jj/wearable-biosensors-ros2/build/cdcl_umd_msgs/rosidl_generator_cpp/cdcl_umd_msgs/msg/detail/vitals__struct.hpp:20:10:[m[K [01;31m[Kfatal error: [m[Kcdcl_umd_msgs/msg/detail/header__struct.hpp: No such file or directory
[9.408s]    20 | #include [01;31m[K"cdcl_umd_msgs/msg/detail/header__struct.hpp"[m[K
[9.408s]       |          [01;31m[K^~~~~~~~~~~~~~~~~~~~~~~~~~~~~~~~~~~~~~~~~~~~~[m[K
[9.409s] compilation terminated.
[9.414s] gmake[2]: *** [CMakeFiles/cdcl_umd_msgs__rosidl_typesupport_fastrtps_cpp.dir/build.make:91: CMakeFiles/cdcl_umd_msgs__rosidl_typesupport_fastrtps_cpp.dir/rosidl_typesupport_fastrtps_cpp/cdcl_umd_msgs/msg/detail/dds_fastrtps/vitals__type_support.cpp.o] Error 1
[9.416s] gmake[1]: *** [CMakeFiles/Makefile2:343: CMakeFiles/cdcl_umd_msgs__rosidl_typesupport_fastrtps_cpp.dir/all] Error 2
[9.417s] gmake: *** [Makefile:146: all] Error 2
[9.425s] Invoked command in '/home/jj/wearable-biosensors-ros2/build/cdcl_umd_msgs' returned '2': CMAKE_PREFIX_PATH=/opt/ros/humble /usr/bin/cmake --build /home/jj/wearable-biosensors-ros2/build/cdcl_umd_msgs -- -j4 -l4
