[0.291s] Invoking command in '/home/jj/wearable-biosensors-ros2/build/cdcl_umd_msgs': CMAKE_PREFIX_PATH=/home/jj/wearable-biosensors-ros2/install/vernier_respiration_belt:/home/jj/wearable-biosensors-ros2/install/shimmer3_gsr_unit:/home/jj/wearable-biosensors-ros2/install/polar_h10:/home/jj/wearable-biosensors-ros2/install/empatica_e4:/home/jj/wearable-biosensors-ros2/install/emotiv_insight:/home/jj/wearable-biosensors-ros2/install/cdcl_umd_msgs:/opt/ros/humble /usr/bin/cmake /home/jj/wearable-biosensors-ros2/src/cdcl_umd_msgs -DAMENT_CMAKE_SYMLINK_INSTALL=1 -DCMAKE_INSTALL_PREFIX=/home/jj/wearable-biosensors-ros2/install/cdcl_umd_msgs
[3.783s] -- The C compiler identification is GNU 11.4.0
[3.805s] -- The CXX compiler identification is GNU 11.4.0
[3.806s] -- Detecting C compiler ABI info
[3.807s] -- Detecting C compiler ABI info - done
[3.807s] -- Check for working C compiler: /usr/bin/cc - skipped
[3.811s] -- Detecting C compile features
[3.812s] -- Detecting C compile features - done
[3.813s] -- Detecting CXX compiler ABI info
[3.813s] -- Detecting CXX compiler ABI info - done
[3.814s] -- Check for working CXX compiler: /usr/bin/c++ - skipped
[3.814s] -- Detecting CXX compile features
[3.815s] -- Detecting CXX compile features - done
[3.822s] -- Found ament_cmake: 1.3.9 (/opt/ros/humble/share/ament_cmake/cmake)
[5.311s] -- Found Python3: /usr/bin/python3 (found version "3.10.12") found components: Interpreter 
[6.042s] -- Override CMake install command with custom implementation using symlinks instead of copying resources
[6.578s] -- Found rosidl_default_generators: 1.2.0 (/opt/ros/humble/share/rosidl_default_generators/cmake)
[6.625s] -- Using all available rosidl_typesupport_c: rosidl_typesupport_fastrtps_c;rosidl_typesupport_introspection_c
[6.771s] -- Found rosidl_adapter: 3.1.5 (/opt/ros/humble/share/rosidl_adapter/cmake)
[7.315s] -- Using all available rosidl_typesupport_cpp: rosidl_typesupport_fastrtps_cpp;rosidl_typesupport_introspection_cpp
[9.807s] -- Found ament_cmake_ros: 0.10.0 (/opt/ros/humble/share/ament_cmake_ros/cmake)
[12.055s] -- Using all available rosidl_typesupport_c: rosidl_typesupport_fastrtps_c;rosidl_typesupport_introspection_c
[14.556s] -- Using all available rosidl_typesupport_cpp: rosidl_typesupport_fastrtps_cpp;rosidl_typesupport_introspection_cpp
[14.779s] -- Found PythonInterp: /usr/bin/python3 (found suitable version "3.10.12", minimum required is "3.6") 
[14.821s] -- Found python_cmake_module: 0.10.0 (/opt/ros/humble/share/python_cmake_module/cmake)
[15.187s] -- Found PythonLibs: /usr/lib/aarch64-linux-gnu/libpython3.10.so (found suitable version "3.10.12", minimum required is "3.5") 
[15.201s] -- Using PYTHON_EXECUTABLE: /usr/bin/python3
[15.202s] -- Using PYTHON_INCLUDE_DIRS: /usr/include/python3.10
[15.202s] -- Using PYTHON_LIBRARIES: /usr/lib/aarch64-linux-gnu/libpython3.10.so
[15.973s] -- Found PythonExtra: .so  
[17.322s] -- Found ament_lint_auto: 0.12.11 (/opt/ros/humble/share/ament_lint_auto/cmake)
[18.453s] -- Added test 'lint_cmake' to check CMake code style
[18.502s] -- Added test 'xmllint' to check XML markup files
[18.616s] -- Configuring done
[19.111s] -- Generating done
[19.186s] -- Build files have been written to: /home/jj/wearable-biosensors-ros2/build/cdcl_umd_msgs
[19.243s] Invoked command in '/home/jj/wearable-biosensors-ros2/build/cdcl_umd_msgs' returned '0': CMAKE_PREFIX_PATH=/home/jj/wearable-biosensors-ros2/install/vernier_respiration_belt:/home/jj/wearable-biosensors-ros2/install/shimmer3_gsr_unit:/home/jj/wearable-biosensors-ros2/install/polar_h10:/home/jj/wearable-biosensors-ros2/install/empatica_e4:/home/jj/wearable-biosensors-ros2/install/emotiv_insight:/home/jj/wearable-biosensors-ros2/install/cdcl_umd_msgs:/opt/ros/humble /usr/bin/cmake /home/jj/wearable-biosensors-ros2/src/cdcl_umd_msgs -DAMENT_CMAKE_SYMLINK_INSTALL=1 -DCMAKE_INSTALL_PREFIX=/home/jj/wearable-biosensors-ros2/install/cdcl_umd_msgs
[19.279s] Invoking command in '/home/jj/wearable-biosensors-ros2/build/cdcl_umd_msgs': CMAKE_PREFIX_PATH=/home/jj/wearable-biosensors-ros2/install/vernier_respiration_belt:/home/jj/wearable-biosensors-ros2/install/shimmer3_gsr_unit:/home/jj/wearable-biosensors-ros2/install/polar_h10:/home/jj/wearable-biosensors-ros2/install/empatica_e4:/home/jj/wearable-biosensors-ros2/install/emotiv_insight:/home/jj/wearable-biosensors-ros2/install/cdcl_umd_msgs:/opt/ros/humble /usr/bin/cmake --build /home/jj/wearable-biosensors-ros2/build/cdcl_umd_msgs -- -j4 -l4
[19.949s] [  3%] Built target cdcl_umd_msgs__cpp
[20.345s] [  6%] [32mBuilding C object CMakeFiles/cdcl_umd_msgs__rosidl_generator_c.dir/rosidl_generator_c/cdcl_umd_msgs/msg/detail/vitals__functions.c.o[0m
[20.765s] [  6%] Built target ament_cmake_python_symlink_cdcl_umd_msgs
[20.779s] In file included from [01m[K/home/jj/wearable-biosensors-ros2/build/cdcl_umd_msgs/rosidl_generator_c/cdcl_umd_msgs/msg/detail/vitals__functions.h:19[m[K,
[20.787s]                  from [01m[K/home/jj/wearable-biosensors-ros2/build/cdcl_umd_msgs/rosidl_generator_c/cdcl_umd_msgs/msg/detail/vitals__functions.c:4[m[K:
[20.789s] [01m[K/home/jj/wearable-biosensors-ros2/build/cdcl_umd_msgs/rosidl_generator_c/cdcl_umd_msgs/msg/detail/vitals__struct.h:22:10:[m[K [01;31m[Kfatal error: [m[Kcdcl_umd_msgs/msg/detail/header__struct.h: No such file or directory
[20.819s]    22 | #include [01;31m[K"cdcl_umd_msgs/msg/detail/header__struct.h"[m[K
[20.843s]       |          [01;31m[K^~~~~~~~~~~~~~~~~~~~~~~~~~~~~~~~~~~~~~~~~~~[m[K
[20.844s] compilation terminated.
[20.873s] gmake[2]: *** [CMakeFiles/cdcl_umd_msgs__rosidl_generator_c.dir/build.make:105: CMakeFiles/cdcl_umd_msgs__rosidl_generator_c.dir/rosidl_generator_c/cdcl_umd_msgs/msg/detail/vitals__functions.c.o] Error 1
[20.904s] gmake[1]: *** [CMakeFiles/Makefile2:213: CMakeFiles/cdcl_umd_msgs__rosidl_generator_c.dir/all] Error 2
[20.906s] gmake[1]: *** Waiting for unfinished jobs....
[21.000s] [  9%] [34m[1mGenerating C++ type support for eProsima Fast-RTPS[0m
[21.078s] [ 12%] [34m[1mGenerating C++ type support dispatch for ROS interfaces[0m
[27.312s] [ 16%] [32mBuilding CXX object CMakeFiles/cdcl_umd_msgs__rosidl_typesupport_fastrtps_cpp.dir/rosidl_typesupport_fastrtps_cpp/cdcl_umd_msgs/msg/detail/dds_fastrtps/vitals__type_support.cpp.o[0m
[27.389s] [ 19%] [32mBuilding CXX object CMakeFiles/cdcl_umd_msgs__rosidl_typesupport_cpp.dir/rosidl_typesupport_cpp/cdcl_umd_msgs/msg/vitals__type_support.cpp.o[0m
[28.503s] In file included from [01m[K/home/jj/wearable-biosensors-ros2/build/cdcl_umd_msgs/rosidl_typesupport_cpp/cdcl_umd_msgs/msg/vitals__type_support.cpp:7[m[K:
[28.508s] [01m[K/home/jj/wearable-biosensors-ros2/build/cdcl_umd_msgs/rosidl_generator_cpp/cdcl_umd_msgs/msg/detail/vitals__struct.hpp:20:10:[m[K [01;31m[Kfatal error: [m[Kcdcl_umd_msgs/msg/detail/header__struct.hpp: No such file or directory
[28.509s]    20 | #include [01;31m[K"cdcl_umd_msgs/msg/detail/header__struct.hpp"[m[K
[28.510s]       |          [01;31m[K^~~~~~~~~~~~~~~~~~~~~~~~~~~~~~~~~~~~~~~~~~~~~[m[K
[28.513s] compilation terminated.
[28.537s] In file included from [01m[K/home/jj/wearable-biosensors-ros2/build/cdcl_umd_msgs/rosidl_typesupport_fastrtps_cpp/cdcl_umd_msgs/msg/detail/vitals__rosidl_typesupport_fastrtps_cpp.hpp:11[m[K,
[28.537s]                  from [01m[K/home/jj/wearable-biosensors-ros2/build/cdcl_umd_msgs/rosidl_typesupport_fastrtps_cpp/cdcl_umd_msgs/msg/detail/dds_fastrtps/vitals__type_support.cpp:4[m[K:
[28.538s] [01m[K/home/jj/wearable-biosensors-ros2/build/cdcl_umd_msgs/rosidl_generator_cpp/cdcl_umd_msgs/msg/detail/vitals__struct.hpp:20:10:[m[K [01;31m[Kfatal error: [m[Kcdcl_umd_msgs/msg/detail/header__struct.hpp: No such file or directory
[28.539s]    20 | #include [01;31m[K"cdcl_umd_msgs/msg/detail/header__struct.hpp"[m[K
[28.541s]       |          [01;31m[K^~~~~~~~~~~~~~~~~~~~~~~~~~~~~~~~~~~~~~~~~~~~~[m[K
[28.542s] compilation terminated.
[28.555s] gmake[2]: *** [CMakeFiles/cdcl_umd_msgs__rosidl_typesupport_cpp.dir/build.make:86: CMakeFiles/cdcl_umd_msgs__rosidl_typesupport_cpp.dir/rosidl_typesupport_cpp/cdcl_umd_msgs/msg/vitals__type_support.cpp.o] Error 1
[28.557s] gmake[1]: *** [CMakeFiles/Makefile2:395: CMakeFiles/cdcl_umd_msgs__rosidl_typesupport_cpp.dir/all] Error 2
[28.569s] gmake[2]: *** [CMakeFiles/cdcl_umd_msgs__rosidl_typesupport_fastrtps_cpp.dir/build.make:91: CMakeFiles/cdcl_umd_msgs__rosidl_typesupport_fastrtps_cpp.dir/rosidl_typesupport_fastrtps_cpp/cdcl_umd_msgs/msg/detail/dds_fastrtps/vitals__type_support.cpp.o] Error 1
[28.570s] gmake[1]: *** [CMakeFiles/Makefile2:343: CMakeFiles/cdcl_umd_msgs__rosidl_typesupport_fastrtps_cpp.dir/all] Error 2
[28.571s] gmake: *** [Makefile:146: all] Error 2
[28.595s] Invoked command in '/home/jj/wearable-biosensors-ros2/build/cdcl_umd_msgs' returned '2': CMAKE_PREFIX_PATH=/home/jj/wearable-biosensors-ros2/install/vernier_respiration_belt:/home/jj/wearable-biosensors-ros2/install/shimmer3_gsr_unit:/home/jj/wearable-biosensors-ros2/install/polar_h10:/home/jj/wearable-biosensors-ros2/install/empatica_e4:/home/jj/wearable-biosensors-ros2/install/emotiv_insight:/home/jj/wearable-biosensors-ros2/install/cdcl_umd_msgs:/opt/ros/humble /usr/bin/cmake --build /home/jj/wearable-biosensors-ros2/build/cdcl_umd_msgs -- -j4 -l4
