-- The C compiler identification is GNU 11.4.0
-- The CXX compiler identification is GNU 11.4.0
-- Detecting C compiler ABI info
-- Detecting C compiler ABI info - done
-- Check for working C compiler: /usr/bin/cc - skipped
-- Detecting C compile features
-- Detecting C compile features - done
-- Detecting CXX compiler ABI info
-- Detecting CXX compiler ABI info - done
-- Check for working CXX compiler: /usr/bin/c++ - skipped
-- Detecting CXX compile features
-- Detecting CXX compile features - done
-- Found ament_cmake: 1.3.9 (/opt/ros/humble/share/ament_cmake/cmake)
-- Found Python3: /usr/bin/python3 (found version "3.10.12") found components: Interpreter 
-- Override CMake install command with custom implementation using symlinks instead of copying resources
-- Found rosidl_default_generators: 1.2.0 (/opt/ros/humble/share/rosidl_default_generators/cmake)
-- Using all available rosidl_typesupport_c: rosidl_typesupport_fastrtps_c;rosidl_typesupport_introspection_c
-- Found rosidl_adapter: 3.1.5 (/opt/ros/humble/share/rosidl_adapter/cmake)
-- Using all available rosidl_typesupport_cpp: rosidl_typesupport_fastrtps_cpp;rosidl_typesupport_introspection_cpp
-- Found ament_cmake_ros: 0.10.0 (/opt/ros/humble/share/ament_cmake_ros/cmake)
-- Using all available rosidl_typesupport_c: rosidl_typesupport_fastrtps_c;rosidl_typesupport_introspection_c
-- Using all available rosidl_typesupport_cpp: rosidl_typesupport_fastrtps_cpp;rosidl_typesupport_introspection_cpp
-- Found PythonInterp: /usr/bin/python3 (found suitable version "3.10.12", minimum required is "3.6") 
-- Found python_cmake_module: 0.10.0 (/opt/ros/humble/share/python_cmake_module/cmake)
-- Found PythonLibs: /usr/lib/aarch64-linux-gnu/libpython3.10.so (found suitable version "3.10.12", minimum required is "3.5") 
-- Using PYTHON_EXECUTABLE: /usr/bin/python3
-- Using PYTHON_INCLUDE_DIRS: /usr/include/python3.10
-- Using PYTHON_LIBRARIES: /usr/lib/aarch64-linux-gnu/libpython3.10.so
-- Found PythonExtra: .so  
-- Found ament_lint_auto: 0.12.11 (/opt/ros/humble/share/ament_lint_auto/cmake)
-- Added test 'lint_cmake' to check CMake code style
-- Added test 'xmllint' to check XML markup files
-- Configuring done
-- Generating done
-- Build files have been written to: /home/jj/wearable-biosensors-ros2/build/cdcl_umd_msgs
[  3%] [32mBuilding C object CMakeFiles/cdcl_umd_msgs__rosidl_generator_c.dir/rosidl_generator_c/cdcl_umd_msgs/msg/detail/vitals__functions.c.o[0m
[  6%] Built target cdcl_umd_msgs__cpp
In file included from [01m[K/home/jj/wearable-biosensors-ros2/build/cdcl_umd_msgs/rosidl_generator_c/cdcl_umd_msgs/msg/detail/vitals__functions.h:19[m[K,
                 from [01m[K/home/jj/wearable-biosensors-ros2/build/cdcl_umd_msgs/rosidl_generator_c/cdcl_umd_msgs/msg/detail/vitals__functions.c:4[m[K:
[01m[K/home/jj/wearable-biosensors-ros2/build/cdcl_umd_msgs/rosidl_generator_c/cdcl_umd_msgs/msg/detail/vitals__struct.h:22:10:[m[K [01;31m[Kfatal error: [m[Kcdcl_umd_msgs/msg/detail/header__struct.h: No such file or directory
   22 | #include [01;31m[K"cdcl_umd_msgs/msg/detail/header__struct.h"[m[K
      |          [01;31m[K^~~~~~~~~~~~~~~~~~~~~~~~~~~~~~~~~~~~~~~~~~~[m[K
compilation terminated.
[  6%] Built target ament_cmake_python_symlink_cdcl_umd_msgs
[  9%] [32mBuilding CXX object CMakeFiles/cdcl_umd_msgs__rosidl_typesupport_cpp.dir/rosidl_typesupport_cpp/cdcl_umd_msgs/msg/vitals__type_support.cpp.o[0m
gmake[2]: *** [CMakeFiles/cdcl_umd_msgs__rosidl_generator_c.dir/build.make:105: CMakeFiles/cdcl_umd_msgs__rosidl_generator_c.dir/rosidl_generator_c/cdcl_umd_msgs/msg/detail/vitals__functions.c.o] Error 1
gmake[1]: *** [CMakeFiles/Makefile2:213: CMakeFiles/cdcl_umd_msgs__rosidl_generator_c.dir/all] Error 2
gmake[1]: *** Waiting for unfinished jobs....
[ 12%] [32mBuilding CXX object CMakeFiles/cdcl_umd_msgs__rosidl_typesupport_fastrtps_cpp.dir/rosidl_typesupport_fastrtps_cpp/cdcl_umd_msgs/msg/detail/dds_fastrtps/vitals__type_support.cpp.o[0m
In file included from [01m[K/home/jj/wearable-biosensors-ros2/build/cdcl_umd_msgs/rosidl_typesupport_cpp/cdcl_umd_msgs/msg/vitals__type_support.cpp:7[m[K:
[01m[K/home/jj/wearable-biosensors-ros2/build/cdcl_umd_msgs/rosidl_generator_cpp/cdcl_umd_msgs/msg/detail/vitals__struct.hpp:20:10:[m[K [01;31m[Kfatal error: [m[Kcdcl_umd_msgs/msg/detail/header__struct.hpp: No such file or directory
   20 | #include [01;31m[K"cdcl_umd_msgs/msg/detail/header__struct.hpp"[m[K
      |          [01;31m[K^~~~~~~~~~~~~~~~~~~~~~~~~~~~~~~~~~~~~~~~~~~~~[m[K
compilation terminated.
gmake[2]: *** [CMakeFiles/cdcl_umd_msgs__rosidl_typesupport_cpp.dir/build.make:86: CMakeFiles/cdcl_umd_msgs__rosidl_typesupport_cpp.dir/rosidl_typesupport_cpp/cdcl_umd_msgs/msg/vitals__type_support.cpp.o] Error 1
gmake[1]: *** [CMakeFiles/Makefile2:395: CMakeFiles/cdcl_umd_msgs__rosidl_typesupport_cpp.dir/all] Error 2
In file included from [01m[K/home/jj/wearable-biosensors-ros2/build/cdcl_umd_msgs/rosidl_typesupport_fastrtps_cpp/cdcl_umd_msgs/msg/detail/vitals__rosidl_typesupport_fastrtps_cpp.hpp:11[m[K,
                 from [01m[K/home/jj/wearable-biosensors-ros2/build/cdcl_umd_msgs/rosidl_typesupport_fastrtps_cpp/cdcl_umd_msgs/msg/detail/dds_fastrtps/vitals__type_support.cpp:4[m[K:
[01m[K/home/jj/wearable-biosensors-ros2/build/cdcl_umd_msgs/rosidl_generator_cpp/cdcl_umd_msgs/msg/detail/vitals__struct.hpp:20:10:[m[K [01;31m[Kfatal error: [m[Kcdcl_umd_msgs/msg/detail/header__struct.hpp: No such file or directory
   20 | #include [01;31m[K"cdcl_umd_msgs/msg/detail/header__struct.hpp"[m[K
      |          [01;31m[K^~~~~~~~~~~~~~~~~~~~~~~~~~~~~~~~~~~~~~~~~~~~~[m[K
compilation terminated.
gmake[2]: *** [CMakeFiles/cdcl_umd_msgs__rosidl_typesupport_fastrtps_cpp.dir/build.make:91: CMakeFiles/cdcl_umd_msgs__rosidl_typesupport_fastrtps_cpp.dir/rosidl_typesupport_fastrtps_cpp/cdcl_umd_msgs/msg/detail/dds_fastrtps/vitals__type_support.cpp.o] Error 1
gmake[1]: *** [CMakeFiles/Makefile2:343: CMakeFiles/cdcl_umd_msgs__rosidl_typesupport_fastrtps_cpp.dir/all] Error 2
gmake: *** [Makefile:146: all] Error 2
